<?xml version="1.0" encoding="UTF-8"?>
<!-- Generated by org.testng.reporters.JUnitReportReporter -->
<testsuite hostname="DESKTOP-R6249JK" failures="0" tests="1" name="com.chicha.test.createaccountTest" time="84.971" errors="0" timestamp="2021-09-24T19:40:37 IST" skipped="0">
  <testcase classname="com.chicha.test.createaccountTest" name="verify" time="84.971"/>
  <system-out/>
</testsuite> <!-- com.chicha.test.createaccountTest -->
